2023-12-29 11:42:41,466 [INFO] Activator:176 - 


2023-12-29 11:42:41,472 [INFO] Activator:177 - !SESSION log4j initialized
2023-12-29 11:42:45,408 [INFO] LogOutputStream:77 - [STDOUT_REDIRECT] 
2023-12-29 11:45:10,290 [INFO] ApplicationProperties:184 - Using Application install path: C:\ST\STM32CubeIDE_1.14.0\STM32CubeIDE\plugins\com.st.stm32cube.common.mx_6.10.0.202311202037
2023-12-29 11:45:10,317 [INFO] DbMcusXml:78 - Set database path to: C:\ST\STM32CubeIDE_1.14.0\STM32CubeIDE\plugins\com.st.stm32cube.common.mx_6.10.0.202311202037\\db\/mcu/
2023-12-29 11:45:10,318 [INFO] ApiDb:274 - Set plugin database path to: C:\ST\STM32CubeIDE_1.14.0\STM32CubeIDE\plugins\com.st.stm32cube.common.mx_6.10.0.202311202037\\db\/plugins/boardmanager/
2023-12-29 11:45:10,319 [WARN] ApiDb:259 - Overriding images path with different value:  => C:\ST\STM32CubeIDE_1.14.0\STM32CubeIDE\plugins\com.st.stm32cube.common.mx_6.10.0.202311202037\\db\/plugins/mcufinder/images/
2023-12-29 11:45:10,328 [INFO] ApiDb:250 - Set database path to: C:\Users\phatl\.stmcufinder\plugins\mcufinder//mcu/
2023-12-29 11:45:10,330 [INFO] DbMcusAds:125 - Set database path to: C:\Users\phatl\.stmcufinder\plugins\mcufinder//mcu/
2023-12-29 11:45:10,374 [INFO] CrossReferenceDbSqlite:203 - Set database path to: C:\Users\phatl\.stmcufinder\plugins\mcufinder//mcu/cs/
2023-12-29 11:45:10,638 [INFO] RulesReader:64 - Compatibility file has been processed (297 Rules)
2023-12-29 11:45:10,821 [INFO] DbMcusXml:78 - Set database path to: C:\ST\STM32CubeIDE_1.14.0\STM32CubeIDE\plugins\com.st.stm32cube.common.mx_6.10.0.202311202037\\db\/mcu/
2023-12-29 11:45:10,821 [INFO] ApiDb:274 - Set plugin database path to: C:\ST\STM32CubeIDE_1.14.0\STM32CubeIDE\plugins\com.st.stm32cube.common.mx_6.10.0.202311202037\\db\/plugins/boardmanager/
2023-12-29 11:45:10,822 [INFO] ApiDb:261 - Set plugin images path to: C:\ST\STM32CubeIDE_1.14.0\STM32CubeIDE\plugins\com.st.stm32cube.common.mx_6.10.0.202311202037\\db\/plugins/mcufinder/images/
2023-12-29 11:45:10,822 [WARN] DbFile:41 - Overriding database path with different value: C:\Users\phatl\.stmcufinder\plugins\mcufinder/ => C:\Users\phatl\.stmcufinder\plugins\mcufinder
2023-12-29 11:45:10,823 [INFO] ApiDb:250 - Set database path to: C:\Users\phatl\.stmcufinder\plugins\mcufinder//mcu/
2023-12-29 11:45:10,823 [WARN] DbFile:41 - Overriding database path with different value: C:\Users\phatl\.stmcufinder\plugins\mcufinder/ => C:\Users\phatl\.stmcufinder\plugins\mcufinder
2023-12-29 11:45:10,823 [INFO] DbMcusAds:125 - Set database path to: C:\Users\phatl\.stmcufinder\plugins\mcufinder//mcu/
2023-12-29 11:45:10,824 [WARN] DbFile:41 - Overriding database path with different value: C:\Users\phatl\.stmcufinder\plugins\mcufinder/ => C:\Users\phatl\.stmcufinder\plugins\mcufinder
2023-12-29 11:45:10,824 [WARN] DbFile:41 - Overriding database path with different value: C:\Users\phatl\.stmcufinder\plugins\mcufinder/ => C:\Users\phatl\.stmcufinder\plugins\mcufinder
2023-12-29 11:45:10,824 [INFO] CrossReferenceDbSqlite:203 - Set database path to: C:\Users\phatl\.stmcufinder\plugins\mcufinder//mcu/cs/
2023-12-29 11:45:10,958 [INFO] MainPanel:264 - HeapMemory: 268435456
2023-12-29 11:45:11,060 [INFO] DbMcusXml:78 - Set database path to: C:\ST\STM32CubeIDE_1.14.0\STM32CubeIDE\plugins\com.st.stm32cube.common.mx_6.10.0.202311202037\\db\/mcu/
2023-12-29 11:45:11,061 [INFO] ApiDb:274 - Set plugin database path to: C:\ST\STM32CubeIDE_1.14.0\STM32CubeIDE\plugins\com.st.stm32cube.common.mx_6.10.0.202311202037\\db\/plugins/boardmanager/
2023-12-29 11:45:11,061 [INFO] ApiDb:261 - Set plugin images path to: C:\ST\STM32CubeIDE_1.14.0\STM32CubeIDE\plugins\com.st.stm32cube.common.mx_6.10.0.202311202037\\db\/plugins/mcufinder/images/
2023-12-29 11:45:11,062 [WARN] DbFile:41 - Overriding database path with different value: C:\Users\phatl\.stmcufinder\plugins\mcufinder/ => C:\Users\phatl\.stmcufinder\plugins\mcufinder
2023-12-29 11:45:11,062 [INFO] ApiDb:250 - Set database path to: C:\Users\phatl\.stmcufinder\plugins\mcufinder//mcu/
2023-12-29 11:45:11,062 [WARN] DbFile:41 - Overriding database path with different value: C:\Users\phatl\.stmcufinder\plugins\mcufinder/ => C:\Users\phatl\.stmcufinder\plugins\mcufinder
2023-12-29 11:45:11,063 [INFO] DbMcusAds:125 - Set database path to: C:\Users\phatl\.stmcufinder\plugins\mcufinder//mcu/
2023-12-29 11:45:11,063 [WARN] DbFile:41 - Overriding database path with different value: C:\Users\phatl\.stmcufinder\plugins\mcufinder/ => C:\Users\phatl\.stmcufinder\plugins\mcufinder
2023-12-29 11:45:11,063 [WARN] DbFile:41 - Overriding database path with different value: C:\Users\phatl\.stmcufinder\plugins\mcufinder/ => C:\Users\phatl\.stmcufinder\plugins\mcufinder
2023-12-29 11:45:11,063 [INFO] CrossReferenceDbSqlite:203 - Set database path to: C:\Users\phatl\.stmcufinder\plugins\mcufinder//mcu/cs/
2023-12-29 11:45:11,093 [INFO] ApplicationProperties:184 - Using Application install path: C:\ST\STM32CubeIDE_1.14.0\STM32CubeIDE\plugins\com.st.stm32cube.common.mx_6.10.0.202311202037
2023-12-29 11:45:11,095 [INFO] PluginManage:196 - Search for loadable plugins [exclusion list=, ]
2023-12-29 11:45:11,097 [INFO] PluginManage:310 - Check plugin analytics
2023-12-29 11:45:16,038 [INFO] AnalyticsPlugin:253 - Accepted Software Licenses: 
2023-12-29 11:45:16,039 [INFO] AnalyticsPlugin:255 - Accepted CMSIS Pack Licenses: 
2023-12-29 11:45:16,039 [INFO] AnalyticsPlugin:257 - Accepted Firmware Licenses: 
2023-12-29 11:45:16,047 [INFO] PluginManage:359 - Loaded plugin analytics (category:tool,tabindex:-1)
2023-12-29 11:45:16,047 [INFO] PluginManage:310 - Check plugin cadmodel
2023-12-29 11:45:16,056 [INFO] CADModel:105 - Init CAD model plugin
2023-12-29 11:45:16,057 [INFO] PluginManage:359 - Loaded plugin cadmodel (category:power,tabindex:5)
2023-12-29 11:45:16,058 [INFO] PluginManage:310 - Check plugin clock
2023-12-29 11:45:16,077 [INFO] PluginManage:359 - Loaded plugin clock (category:base,tabindex:2)
2023-12-29 11:45:16,077 [INFO] PluginManage:310 - Check plugin ddr
2023-12-29 11:45:16,082 [INFO] PluginManage:359 - Loaded plugin ddr (category:tool,tabindex:6)
2023-12-29 11:45:16,082 [INFO] PluginManage:310 - Check plugin filemanager
2023-12-29 11:45:16,735 [INFO] PluginManage:359 - Loaded plugin filemanager (category:base,tabindex:10)
2023-12-29 11:45:16,735 [INFO] PluginManage:310 - Check plugin ipmanager
2023-12-29 11:45:16,778 [INFO] PluginManage:359 - Loaded plugin ipmanager (category:base,tabindex:5)
2023-12-29 11:45:16,779 [INFO] PluginManage:310 - Check plugin lpbam
2023-12-29 11:45:16,870 [INFO] PluginManage:359 - Loaded plugin lpbam (category:base,tabindex:0)
2023-12-29 11:45:16,871 [INFO] PluginManage:310 - Check plugin memorymap
2023-12-29 11:45:16,944 [INFO] PluginManage:359 - Loaded plugin memorymap (category:base,tabindex:4)
2023-12-29 11:45:16,944 [INFO] PluginManage:310 - Check plugin pinoutandconfiguration
2023-12-29 11:45:16,984 [INFO] PluginManage:359 - Loaded plugin pinoutandconfiguration (category:base,tabindex:1)
2023-12-29 11:45:16,985 [INFO] PluginManage:310 - Check plugin pinoutconfig
2023-12-29 11:45:17,452 [WARN] SupportedApi:132 - Cannot load RTOS API schema: s4s-elt-must-match.1: The content of 'definitions' must match (annotation?, (simpleType | complexType)?, (unique | key | keyref)*)). A problem was found starting at: attribute.
2023-12-29 11:45:32,866 [INFO] Activator:176 - 


2023-12-29 11:45:32,871 [INFO] Activator:177 - !SESSION log4j initialized
2023-12-29 11:45:37,488 [INFO] LogOutputStream:77 - [STDOUT_REDIRECT] 
2023-12-29 11:46:23,062 [INFO] ApplicationProperties:184 - Using Application install path: C:\ST\STM32CubeIDE_1.14.0\STM32CubeIDE\plugins\com.st.stm32cube.common.mx_6.10.0.202311202037
2023-12-29 11:46:23,104 [INFO] DbMcusXml:78 - Set database path to: C:\ST\STM32CubeIDE_1.14.0\STM32CubeIDE\plugins\com.st.stm32cube.common.mx_6.10.0.202311202037\\db\/mcu/
2023-12-29 11:46:23,104 [INFO] ApiDb:274 - Set plugin database path to: C:\ST\STM32CubeIDE_1.14.0\STM32CubeIDE\plugins\com.st.stm32cube.common.mx_6.10.0.202311202037\\db\/plugins/boardmanager/
2023-12-29 11:46:23,105 [WARN] ApiDb:259 - Overriding images path with different value:  => C:\ST\STM32CubeIDE_1.14.0\STM32CubeIDE\plugins\com.st.stm32cube.common.mx_6.10.0.202311202037\\db\/plugins/mcufinder/images/
2023-12-29 11:46:23,118 [INFO] ApiDb:250 - Set database path to: C:\Users\phatl\.stmcufinder\plugins\mcufinder//mcu/
2023-12-29 11:46:23,120 [INFO] DbMcusAds:125 - Set database path to: C:\Users\phatl\.stmcufinder\plugins\mcufinder//mcu/
2023-12-29 11:46:23,192 [INFO] CrossReferenceDbSqlite:203 - Set database path to: C:\Users\phatl\.stmcufinder\plugins\mcufinder//mcu/cs/
2023-12-29 11:46:23,478 [INFO] RulesReader:64 - Compatibility file has been processed (297 Rules)
2023-12-29 11:46:23,640 [INFO] DbMcusXml:78 - Set database path to: C:\ST\STM32CubeIDE_1.14.0\STM32CubeIDE\plugins\com.st.stm32cube.common.mx_6.10.0.202311202037\\db\/mcu/
2023-12-29 11:46:23,641 [INFO] ApiDb:274 - Set plugin database path to: C:\ST\STM32CubeIDE_1.14.0\STM32CubeIDE\plugins\com.st.stm32cube.common.mx_6.10.0.202311202037\\db\/plugins/boardmanager/
2023-12-29 11:46:23,641 [INFO] ApiDb:261 - Set plugin images path to: C:\ST\STM32CubeIDE_1.14.0\STM32CubeIDE\plugins\com.st.stm32cube.common.mx_6.10.0.202311202037\\db\/plugins/mcufinder/images/
2023-12-29 11:46:23,642 [WARN] DbFile:41 - Overriding database path with different value: C:\Users\phatl\.stmcufinder\plugins\mcufinder/ => C:\Users\phatl\.stmcufinder\plugins\mcufinder
2023-12-29 11:46:23,643 [INFO] ApiDb:250 - Set database path to: C:\Users\phatl\.stmcufinder\plugins\mcufinder//mcu/
2023-12-29 11:46:23,643 [WARN] DbFile:41 - Overriding database path with different value: C:\Users\phatl\.stmcufinder\plugins\mcufinder/ => C:\Users\phatl\.stmcufinder\plugins\mcufinder
2023-12-29 11:46:23,643 [INFO] DbMcusAds:125 - Set database path to: C:\Users\phatl\.stmcufinder\plugins\mcufinder//mcu/
2023-12-29 11:46:23,644 [WARN] DbFile:41 - Overriding database path with different value: C:\Users\phatl\.stmcufinder\plugins\mcufinder/ => C:\Users\phatl\.stmcufinder\plugins\mcufinder
2023-12-29 11:46:23,644 [WARN] DbFile:41 - Overriding database path with different value: C:\Users\phatl\.stmcufinder\plugins\mcufinder/ => C:\Users\phatl\.stmcufinder\plugins\mcufinder
2023-12-29 11:46:23,644 [INFO] CrossReferenceDbSqlite:203 - Set database path to: C:\Users\phatl\.stmcufinder\plugins\mcufinder//mcu/cs/
2023-12-29 11:46:23,780 [INFO] MainPanel:264 - HeapMemory: 268435456
2023-12-29 11:46:23,895 [INFO] DbMcusXml:78 - Set database path to: C:\ST\STM32CubeIDE_1.14.0\STM32CubeIDE\plugins\com.st.stm32cube.common.mx_6.10.0.202311202037\\db\/mcu/
2023-12-29 11:46:23,896 [INFO] ApiDb:274 - Set plugin database path to: C:\ST\STM32CubeIDE_1.14.0\STM32CubeIDE\plugins\com.st.stm32cube.common.mx_6.10.0.202311202037\\db\/plugins/boardmanager/
2023-12-29 11:46:23,896 [INFO] ApiDb:261 - Set plugin images path to: C:\ST\STM32CubeIDE_1.14.0\STM32CubeIDE\plugins\com.st.stm32cube.common.mx_6.10.0.202311202037\\db\/plugins/mcufinder/images/
2023-12-29 11:46:23,896 [WARN] DbFile:41 - Overriding database path with different value: C:\Users\phatl\.stmcufinder\plugins\mcufinder/ => C:\Users\phatl\.stmcufinder\plugins\mcufinder
2023-12-29 11:46:23,896 [INFO] ApiDb:250 - Set database path to: C:\Users\phatl\.stmcufinder\plugins\mcufinder//mcu/
2023-12-29 11:46:23,897 [WARN] DbFile:41 - Overriding database path with different value: C:\Users\phatl\.stmcufinder\plugins\mcufinder/ => C:\Users\phatl\.stmcufinder\plugins\mcufinder
2023-12-29 11:46:23,897 [INFO] DbMcusAds:125 - Set database path to: C:\Users\phatl\.stmcufinder\plugins\mcufinder//mcu/
2023-12-29 11:46:23,897 [WARN] DbFile:41 - Overriding database path with different value: C:\Users\phatl\.stmcufinder\plugins\mcufinder/ => C:\Users\phatl\.stmcufinder\plugins\mcufinder
2023-12-29 11:46:23,897 [WARN] DbFile:41 - Overriding database path with different value: C:\Users\phatl\.stmcufinder\plugins\mcufinder/ => C:\Users\phatl\.stmcufinder\plugins\mcufinder
2023-12-29 11:46:23,897 [INFO] CrossReferenceDbSqlite:203 - Set database path to: C:\Users\phatl\.stmcufinder\plugins\mcufinder//mcu/cs/
2023-12-29 11:46:23,929 [INFO] ApplicationProperties:184 - Using Application install path: C:\ST\STM32CubeIDE_1.14.0\STM32CubeIDE\plugins\com.st.stm32cube.common.mx_6.10.0.202311202037
2023-12-29 11:46:23,931 [INFO] PluginManage:196 - Search for loadable plugins [exclusion list=, ]
2023-12-29 11:46:23,933 [INFO] PluginManage:310 - Check plugin analytics
2023-12-29 11:46:28,864 [INFO] AnalyticsPlugin:253 - Accepted Software Licenses: 
2023-12-29 11:46:28,865 [INFO] AnalyticsPlugin:255 - Accepted CMSIS Pack Licenses: 
2023-12-29 11:46:28,865 [INFO] AnalyticsPlugin:257 - Accepted Firmware Licenses: 
2023-12-29 11:46:28,873 [INFO] PluginManage:359 - Loaded plugin analytics (category:tool,tabindex:-1)
2023-12-29 11:46:28,874 [INFO] PluginManage:310 - Check plugin cadmodel
2023-12-29 11:46:28,884 [INFO] CADModel:105 - Init CAD model plugin
2023-12-29 11:46:28,885 [INFO] PluginManage:359 - Loaded plugin cadmodel (category:power,tabindex:5)
2023-12-29 11:46:28,886 [INFO] PluginManage:310 - Check plugin clock
2023-12-29 11:46:28,904 [INFO] PluginManage:359 - Loaded plugin clock (category:base,tabindex:2)
2023-12-29 11:46:28,904 [INFO] PluginManage:310 - Check plugin ddr
2023-12-29 11:46:28,909 [INFO] PluginManage:359 - Loaded plugin ddr (category:tool,tabindex:6)
2023-12-29 11:46:28,909 [INFO] PluginManage:310 - Check plugin filemanager
2023-12-29 11:46:29,183 [INFO] PluginManage:359 - Loaded plugin filemanager (category:base,tabindex:10)
2023-12-29 11:46:29,183 [INFO] PluginManage:310 - Check plugin ipmanager
2023-12-29 11:46:29,197 [INFO] PluginManage:359 - Loaded plugin ipmanager (category:base,tabindex:5)
2023-12-29 11:46:29,197 [INFO] PluginManage:310 - Check plugin lpbam
2023-12-29 11:46:29,214 [INFO] PluginManage:359 - Loaded plugin lpbam (category:base,tabindex:0)
2023-12-29 11:46:29,214 [INFO] PluginManage:310 - Check plugin memorymap
2023-12-29 11:46:29,248 [INFO] PluginManage:359 - Loaded plugin memorymap (category:base,tabindex:4)
2023-12-29 11:46:29,249 [INFO] PluginManage:310 - Check plugin pinoutandconfiguration
2023-12-29 11:46:29,274 [INFO] PluginManage:359 - Loaded plugin pinoutandconfiguration (category:base,tabindex:1)
2023-12-29 11:46:29,275 [INFO] PluginManage:310 - Check plugin pinoutconfig
2023-12-29 11:46:29,515 [WARN] SupportedApi:132 - Cannot load RTOS API schema: s4s-elt-must-match.1: The content of 'definitions' must match (annotation?, (simpleType | complexType)?, (unique | key | keyref)*)). A problem was found starting at: attribute.
2023-12-29 11:46:29,806 [INFO] PluginManage:359 - Loaded plugin pinoutconfig (category:base,tabindex:0)
2023-12-29 11:46:29,806 [INFO] PluginManage:310 - Check plugin power
2023-12-29 11:46:29,827 [INFO] PluginManage:359 - Loaded plugin power (category:power,tabindex:4)
2023-12-29 11:46:29,827 [INFO] PluginManage:310 - Check plugin projectmanager
2023-12-29 11:46:29,862 [INFO] PluginManage:359 - Loaded plugin projectmanager (category:projectmanager,tabindex:3)
2023-12-29 11:46:29,862 [INFO] PluginManage:310 - Check plugin thirdparty
2023-12-29 11:46:30,102 [INFO] PluginManage:359 - Loaded plugin thirdparty (category:base,tabindex:-1)
2023-12-29 11:46:30,102 [WARN] IntegrityCheckThread:84 - waiting for thirdparty lock release [integrity check]
2023-12-29 11:46:30,103 [INFO] PluginManage:310 - Check plugin tools
2023-12-29 11:46:30,103 [INFO] IntegrityCheckThread:86 - entering critical section [integrity check]
2023-12-29 11:46:30,104 [INFO] ThirdPartyUpdaterWithRetryManager:70 - Updater plugin not ready yet. [1/15]
2023-12-29 11:46:30,109 [INFO] PluginManage:359 - Loaded plugin tools (category:base,tabindex:7)
2023-12-29 11:46:30,109 [INFO] PluginManage:310 - Check plugin tutovideos
2023-12-29 11:46:30,475 [INFO] PluginManage:359 - Loaded plugin tutovideos (category:base,tabindex:-1)
2023-12-29 11:46:30,475 [INFO] PluginManage:310 - Check plugin updater
2023-12-29 11:46:30,496 [INFO] PluginManage:359 - Loaded plugin updater (category:base,tabindex:12)
2023-12-29 11:46:30,497 [INFO] PluginManage:310 - Check plugin userauth
2023-12-29 11:46:30,506 [INFO] UserAuth:114 - Init User Auth plugin
2023-12-29 11:46:30,506 [INFO] PluginManage:359 - Loaded plugin userauth (category:base,tabindex:14)
2023-12-29 11:46:30,507 [INFO] PluginManage:283 - PluginManage : Loaded plugins [17]
2023-12-29 11:46:30,850 [INFO] PinOutPanel:1499 - setPackage(No Configuration,No Configuration)
2023-12-29 11:46:30,973 [INFO] CADModel:165 - CPN selected for project level
2023-12-29 11:46:30,973 [INFO] CADModel:114 - Register for checkConnection events
2023-12-29 11:46:30,996 [INFO] IPUIPlugin:80 - create IPUIPlugin
2023-12-29 11:46:30,997 [INFO] PluginManager:220 - loadIPPluginJar : add adc
2023-12-29 11:46:31,002 [INFO] IPUIPlugin:80 - create IPUIPlugin
2023-12-29 11:46:31,002 [INFO] PluginManager:220 - loadIPPluginJar : add aes
2023-12-29 11:46:31,006 [INFO] IPUIPlugin:80 - create IPUIPlugin
2023-12-29 11:46:31,006 [INFO] PluginManager:220 - loadIPPluginJar : add can
2023-12-29 11:46:31,008 [INFO] IPUIPlugin:80 - create IPUIPlugin
2023-12-29 11:46:31,009 [INFO] PluginManager:220 - loadIPPluginJar : add comp
2023-12-29 11:46:31,012 [INFO] IPUIPlugin:80 - create IPUIPlugin
2023-12-29 11:46:31,012 [INFO] PluginManager:220 - loadIPPluginJar : add cryp
2023-12-29 11:46:31,016 [INFO] IPUIPlugin:80 - create IPUIPlugin
2023-12-29 11:46:31,017 [INFO] PluginManager:220 - loadIPPluginJar : add dfsdm
2023-12-29 11:46:31,025 [INFO] IPUIPlugin:80 - create IPUIPlugin
2023-12-29 11:46:31,026 [INFO] PluginManager:220 - loadIPPluginJar : add dma
2023-12-29 11:46:31,028 [INFO] IPUIPlugin:80 - create IPUIPlugin
2023-12-29 11:46:31,029 [INFO] PluginManager:220 - loadIPPluginJar : add dma3
2023-12-29 11:46:31,031 [INFO] IPUIPlugin:80 - create IPUIPlugin
2023-12-29 11:46:31,031 [INFO] PluginManager:220 - loadIPPluginJar : add fatfs
2023-12-29 11:46:31,039 [INFO] IPUIPlugin:80 - create IPUIPlugin
2023-12-29 11:46:31,039 [INFO] PluginManager:220 - loadIPPluginJar : add fmc
2023-12-29 11:46:31,046 [INFO] IPUIPlugin:80 - create IPUIPlugin
2023-12-29 11:46:31,046 [INFO] PluginManager:220 - loadIPPluginJar : add freertos
2023-12-29 11:46:31,051 [INFO] IPUIPlugin:80 - create IPUIPlugin
2023-12-29 11:46:31,051 [INFO] PluginManager:220 - loadIPPluginJar : add genericplugin
2023-12-29 11:46:31,054 [INFO] IPUIPlugin:80 - create IPUIPlugin
2023-12-29 11:46:31,055 [INFO] PluginManager:220 - loadIPPluginJar : add gfxmmu
2023-12-29 11:46:31,061 [INFO] IPUIPlugin:80 - create IPUIPlugin
2023-12-29 11:46:31,062 [INFO] PluginManager:220 - loadIPPluginJar : add gic
2023-12-29 11:46:31,069 [INFO] IPUIPlugin:80 - create IPUIPlugin
2023-12-29 11:46:31,069 [INFO] PluginManager:220 - loadIPPluginJar : add gpio
2023-12-29 11:46:31,074 [INFO] IPUIPlugin:80 - create IPUIPlugin
2023-12-29 11:46:31,074 [INFO] PluginManager:220 - loadIPPluginJar : add gtzc
2023-12-29 11:46:31,078 [INFO] IPUIPlugin:80 - create IPUIPlugin
2023-12-29 11:46:31,078 [INFO] PluginManager:220 - loadIPPluginJar : add hash
2023-12-29 11:46:31,083 [INFO] IPUIPlugin:80 - create IPUIPlugin
2023-12-29 11:46:31,083 [INFO] PluginManager:220 - loadIPPluginJar : add i2c
2023-12-29 11:46:31,088 [INFO] IPUIPlugin:80 - create IPUIPlugin
2023-12-29 11:46:31,088 [INFO] PluginManager:220 - loadIPPluginJar : add i2s
2023-12-29 11:46:31,092 [INFO] IPUIPlugin:80 - create IPUIPlugin
2023-12-29 11:46:31,092 [INFO] PluginManager:220 - loadIPPluginJar : add i3c
2023-12-29 11:46:31,096 [INFO] IPUIPlugin:80 - create IPUIPlugin
2023-12-29 11:46:31,096 [INFO] PluginManager:220 - loadIPPluginJar : add ipddr
2023-12-29 11:46:31,106 [INFO] IPUIPlugin:80 - create IPUIPlugin
2023-12-29 11:46:31,106 [INFO] PluginManager:220 - loadIPPluginJar : add linkedlist
2023-12-29 11:46:31,110 [INFO] IPUIPlugin:80 - create IPUIPlugin
2023-12-29 11:46:31,110 [INFO] PluginManager:220 - loadIPPluginJar : add lorawan
2023-12-29 11:46:31,112 [INFO] IPUIPlugin:80 - create IPUIPlugin
2023-12-29 11:46:31,113 [INFO] PluginManager:220 - loadIPPluginJar : add ltdc
2023-12-29 11:46:31,121 [INFO] IPUIPlugin:80 - create IPUIPlugin
2023-12-29 11:46:31,121 [INFO] PluginManager:220 - loadIPPluginJar : add mdma
2023-12-29 11:46:31,126 [INFO] IPUIPlugin:80 - create IPUIPlugin
2023-12-29 11:46:31,126 [INFO] PluginManager:220 - loadIPPluginJar : add nvic
2023-12-29 11:46:31,129 [INFO] IPUIPlugin:80 - create IPUIPlugin
2023-12-29 11:46:31,129 [INFO] PluginManager:220 - loadIPPluginJar : add opamp
2023-12-29 11:46:31,134 [INFO] IPUIPlugin:80 - create IPUIPlugin
2023-12-29 11:46:31,134 [INFO] PluginManager:220 - loadIPPluginJar : add openamp
2023-12-29 11:46:31,138 [INFO] IPUIPlugin:80 - create IPUIPlugin
2023-12-29 11:46:31,138 [INFO] PluginManager:220 - loadIPPluginJar : add pdm2pcm
2023-12-29 11:46:31,149 [INFO] IPUIPlugin:80 - create IPUIPlugin
2023-12-29 11:46:31,154 [INFO] PluginManager:220 - loadIPPluginJar : add plateformsettings
2023-12-29 11:46:31,156 [INFO] IPUIPlugin:80 - create IPUIPlugin
2023-12-29 11:46:31,157 [INFO] PluginManager:220 - loadIPPluginJar : add quadspi
2023-12-29 11:46:31,160 [INFO] IPUIPlugin:80 - create IPUIPlugin
2023-12-29 11:46:31,161 [INFO] PluginManager:220 - loadIPPluginJar : add resmgrutility
2023-12-29 11:46:31,164 [INFO] IPUIPlugin:80 - create IPUIPlugin
2023-12-29 11:46:31,164 [INFO] PluginManager:220 - loadIPPluginJar : add sai
2023-12-29 11:46:31,168 [INFO] IPUIPlugin:80 - create IPUIPlugin
2023-12-29 11:46:31,168 [INFO] PluginManager:220 - loadIPPluginJar : add spi
2023-12-29 11:46:31,175 [INFO] IPUIPlugin:80 - create IPUIPlugin
2023-12-29 11:46:31,175 [INFO] PluginManager:220 - loadIPPluginJar : add stm32_wpan
2023-12-29 11:46:31,178 [INFO] IPUIPlugin:80 - create IPUIPlugin
2023-12-29 11:46:31,178 [INFO] PluginManager:220 - loadIPPluginJar : add tim
2023-12-29 11:46:31,182 [INFO] IPUIPlugin:80 - create IPUIPlugin
2023-12-29 11:46:31,183 [INFO] PluginManager:220 - loadIPPluginJar : add touchsensing
2023-12-29 11:46:31,186 [INFO] IPUIPlugin:80 - create IPUIPlugin
2023-12-29 11:46:31,186 [INFO] PluginManager:220 - loadIPPluginJar : add tracer_emb
2023-12-29 11:46:31,188 [INFO] IPUIPlugin:80 - create IPUIPlugin
2023-12-29 11:46:31,188 [INFO] PluginManager:220 - loadIPPluginJar : add ts
2023-12-29 11:46:31,189 [INFO] IPUIPlugin:80 - create IPUIPlugin
2023-12-29 11:46:31,189 [INFO] PluginManager:220 - loadIPPluginJar : add tsc
2023-12-29 11:46:31,191 [INFO] IPUIPlugin:80 - create IPUIPlugin
2023-12-29 11:46:31,191 [INFO] PluginManager:220 - loadIPPluginJar : add ucpd
2023-12-29 11:46:31,194 [INFO] IPUIPlugin:80 - create IPUIPlugin
2023-12-29 11:46:31,194 [INFO] PluginManager:220 - loadIPPluginJar : add usart
2023-12-29 11:46:31,197 [INFO] IPUIPlugin:80 - create IPUIPlugin
2023-12-29 11:46:31,197 [INFO] PluginManager:220 - loadIPPluginJar : add usbx
2023-12-29 11:46:31,399 [INFO] CADModel:165 - CPN selected for project level
2023-12-29 11:46:31,400 [INFO] CADModel:114 - Register for checkConnection events
2023-12-29 11:46:31,401 [FATAL] Updater:308 - Updater called before beeing initialized
2023-12-29 11:46:31,401 [ERROR] CADModel:125 - Updater not yet initialized, retry later 
2023-12-29 11:46:31,689 [INFO] CADModel:165 - CPN selected for project level
2023-12-29 11:46:31,689 [INFO] CADModel:114 - Register for checkConnection events
2023-12-29 11:46:31,689 [FATAL] Updater:308 - Updater called before beeing initialized
2023-12-29 11:46:31,689 [ERROR] CADModel:125 - Updater not yet initialized, retry later 
2023-12-29 11:46:31,695 [FATAL] Updater:308 - Updater called before beeing initialized
2023-12-29 11:46:32,001 [FATAL] Updater:308 - Updater called before beeing initialized
2023-12-29 11:46:32,017 [INFO] DbMcusAds:53 - JSON generation date=Wed Nov 29 17:52:38 ICT 2023 (1701255158764)
2023-12-29 11:46:32,017 [FATAL] Updater:308 - Updater called before beeing initialized
2023-12-29 11:46:32,135 [WARN] DetailPanel:346 - Failed to get advertising image, set to default
2023-12-29 11:46:32,359 [FATAL] Updater:308 - Updater called before beeing initialized
2023-12-29 11:46:32,362 [FATAL] Updater:308 - Updater called before beeing initialized
2023-12-29 11:46:32,362 [FATAL] Updater:308 - Updater called before beeing initialized
2023-12-29 11:46:32,362 [WARN] DetailPanel:346 - Failed to get advertising image, set to default
2023-12-29 11:46:32,363 [FATAL] Updater:308 - Updater called before beeing initialized
2023-12-29 11:46:32,488 [ERROR] Updater:1120 - MainUpdater not yet initialized. External WinMGr cannot be set.
2023-12-29 11:46:32,490 [INFO] Updater:1056 - Updater Version found : 6.10.0
2023-12-29 11:46:32,522 [INFO] ApplicationProperties:184 - Using Application install path: C:\ST\STM32CubeIDE_1.14.0\STM32CubeIDE\plugins\com.st.stm32cube.common.mx_6.10.0.202311202037
2023-12-29 11:46:33,105 [INFO] ThirdPartyUpdaterWithRetryManager:70 - Updater plugin not ready yet. [2/15]
2023-12-29 11:46:34,111 [ERROR] LogOutputStream:75 - [STDERR_REDIRECT] Dec 29, 2023 11:46:34 AM java.util.prefs.WindowsPreferences <init>
2023-12-29 11:46:34,120 [ERROR] LogOutputStream:75 - [STDERR_REDIRECT] WARNING: Could not open/create prefs root node Software\JavaSoft\Prefs at root 0xffffffff80000002. Windows RegCreateKeyEx(...) returned error code 5.
2023-12-29 11:46:34,120 [ERROR] LogOutputStream:75 - [STDERR_REDIRECT] 
2023-12-29 11:46:35,200 [INFO] MainUpdater:2873 - connection check result : 10
2023-12-29 11:46:35,202 [INFO] MainUpdater:290 - Updater Check For Update Now.
2023-12-29 11:46:35,203 [INFO] MicroXplorer:498 - Change Database Version : DB.6.0.100
2023-12-29 11:46:35,215 [INFO] McuFinderGlobals:63 - Set McuFinder mode to 2 (CubeIDE integrated)
2023-12-29 11:46:35,216 [INFO] UserAuth:180 - activating auth plugin
2023-12-29 11:46:35,221 [INFO] UserAuth:404 - Internet connection configuration mode: 1
2023-12-29 11:46:35,264 [INFO] JxBrowserEngine:152 - Initiate JxBrowser Engine with user profile folder
2023-12-29 11:46:35,512 [INFO] CheckServerUpdateThread:120 - End of CheckServer Thread
2023-12-29 11:46:36,627 [INFO] WebApp:161 - Instantiating new browser for Auth
2023-12-29 11:46:36,637 [WARN] PackLoader:240 - Cannot read IP mode file for STMicroelectronics.X-CUBE-SMBUS.2.1.0
2023-12-29 11:46:36,653 [WARN] PackLoader:240 - Cannot read IP mode file for STMicroelectronics.X-CUBE-TOUCHGFX.4.23.0
2023-12-29 11:46:36,786 [WARN] PackLoader:240 - Cannot read IP mode file for STMicroelectronics.X-CUBE-AZRTOS-F7.1.1.0
2023-12-29 11:46:36,839 [WARN] PackLoader:240 - Cannot read IP mode file for STMicroelectronics.FP-SNS-MOTENV1.4.3.2
2023-12-29 11:46:36,869 [WARN] PackLoader:240 - Cannot read IP mode file for STMicroelectronics.X-CUBE-BLE1.6.2.3
2023-12-29 11:46:36,891 [WARN] PackLoader:240 - Cannot read IP mode file for STMicroelectronics.FP-SNS-FLIGHT1.5.0.2
2023-12-29 11:46:36,939 [WARN] PackLoader:240 - Cannot read IP mode file for STMicroelectronics.X-CUBE-TOF1.3.1.0
2023-12-29 11:46:36,990 [WARN] PackLoader:240 - Cannot read IP mode file for STMicroelectronics.X-CUBE-DISPLAY.3.0.0
2023-12-29 11:46:37,037 [WARN] PackLoader:240 - Cannot read IP mode file for STMicroelectronics.X-CUBE-BLE1.7.0.0
2023-12-29 11:46:37,059 [WARN] PackLoader:240 - Cannot read IP mode file for emotas.I-CUBE-CANOPEN.1.3.0
2023-12-29 11:46:37,068 [WARN] PackLoader:240 - Cannot read IP mode file for STMicroelectronics.X-CUBE-TOUCHGFX.4.22.1
2023-12-29 11:46:37,248 [WARN] PackLoader:240 - Cannot read IP mode file for STMicroelectronics.X-CUBE-MEMS1.9.3.0
2023-12-29 11:46:37,734 [WARN] PackLoader:240 - Cannot read IP mode file for STMicroelectronics.X-CUBE-AI.7.2.0
2023-12-29 11:46:37,748 [WARN] PackLoader:240 - Cannot read IP mode file for STMicroelectronics.FP-SNS-SMARTAG2.1.2.0
2023-12-29 11:46:37,765 [INFO] LogOutputStream:77 - [STDOUT_REDIRECT] 1 : Invalid condition id : UX_CORESTACK_Condition cause : null
2023-12-29 11:46:37,766 [INFO] LogOutputStream:77 - [STDOUT_REDIRECT] 1 : Invalid condition id : UX_CORESTACK_Condition cause : null
2023-12-29 11:46:37,769 [INFO] LogOutputStream:77 - [STDOUT_REDIRECT] 1 : Invalid condition id : UX_CORESTACK_Condition cause : null
2023-12-29 11:46:37,773 [INFO] LogOutputStream:77 - [STDOUT_REDIRECT] 1 : Invalid condition id : UX_CORESTACK_Condition cause : null
2023-12-29 11:46:37,776 [INFO] LogOutputStream:77 - [STDOUT_REDIRECT] 1 : Invalid condition id : UX_CORESTACK_Condition cause : null
2023-12-29 11:46:37,782 [WARN] PackLoader:240 - Cannot read IP mode file for STMicroelectronics.X-CUBE-AZRTOS-WL.2.0.0
2023-12-29 11:46:37,802 [WARN] PackLoader:240 - Cannot read IP mode file for WES.I-CUBE-Cesium.1.3.0
2023-12-29 11:46:37,816 [WARN] PackLoader:240 - Cannot read IP mode file for STMicroelectronics.X-CUBE-DISPLAY.2.2.0
2023-12-29 11:46:37,834 [WARN] PackLoader:240 - Cannot read IP mode file for STMicroelectronics.X-CUBE-ISPU.1.0.0
2023-12-29 11:46:37,887 [WARN] PackLoader:240 - Cannot read IP mode file for STMicroelectronics.X-CUBE-AZRTOS-H7.2.1.0
2023-12-29 11:46:37,945 [WARN] PackLoader:240 - Cannot read IP mode file for STMicroelectronics.X-CUBE-AZRTOS-G0.1.1.0
2023-12-29 11:46:37,965 [WARN] PackLoader:240 - Cannot read IP mode file for STMicroelectronics.X-CUBE-NFC4.3.0.0
2023-12-29 11:46:37,988 [WARN] PackLoader:240 - Cannot read IP mode file for STMicroelectronics.X-CUBE-BLEMGR.3.0.0
2023-12-29 11:46:38,004 [WARN] PackLoader:240 - Cannot read IP mode file for STMicroelectronics.FP-ATR-SIGFOX1.3.2.0
2023-12-29 11:46:38,016 [WARN] PackLoader:240 - Cannot read IP mode file for STMicroelectronics.X-CUBE-TOUCHGFX.4.20.0
2023-12-29 11:46:38,098 [WARN] PackLoader:240 - Cannot read IP mode file for SEGGER.I-CUBE-embOS.1.3.1
2023-12-29 11:46:38,213 [WARN] PackLoader:240 - Cannot read IP mode file for STMicroelectronics.X-CUBE-AZRTOS-L5.2.0.0
2023-12-29 11:46:38,230 [WARN] PackLoader:240 - Cannot read IP mode file for STMicroelectronics.X-CUBE-EEPRMA1.4.2.0
2023-12-29 11:46:38,240 [WARN] PackLoader:240 - Cannot read IP mode file for ITTIA_DB.I-CUBE-ITTIADB.8.8.0
2023-12-29 11:46:38,248 [WARN] PackLoader:240 - Cannot read IP mode file for STMicroelectronics.X-CUBE-NFC4.2.0.4
2023-12-29 11:46:38,279 [WARN] ConditionMgr:438 - getConditionDescription Invalid condition id : UX DEVICE CLASS RTOS Condition cause : null
2023-12-29 11:46:38,279 [WARN] ConditionMgr:438 - getConditionDescription Invalid condition id : UX DEVICE CLASS RTOS Condition cause : null
2023-12-29 11:46:38,284 [WARN] PackLoader:240 - Cannot read IP mode file for STMicroelectronics.X-CUBE-AZRTOS-H7.3.1.0
2023-12-29 11:46:38,285 [WARN] ConditionMgr:1039 - genDependencies : Invalid condition id : UX DEVICE CLASS RTOS Condition cause : null
2023-12-29 11:46:38,285 [WARN] ConditionMgr:1039 - genDependencies : Invalid condition id : UX DEVICE CLASS RTOS Condition cause : null
2023-12-29 11:46:38,286 [WARN] ConditionMgr:1039 - genDependencies : Invalid condition id : UX DEVICE CLASS RTOS Condition cause : null
2023-12-29 11:46:38,287 [WARN] ConditionMgr:1039 - genDependencies : Invalid condition id : UX DEVICE CLASS RTOS Condition cause : null
2023-12-29 11:46:38,288 [WARN] ConditionMgr:1039 - genDependencies : Invalid condition id : UX DEVICE CLASS RTOS Condition cause : null
2023-12-29 11:46:38,300 [WARN] PackLoader:240 - Cannot read IP mode file for wolfSSL.I-CUBE-wolfSSL.5.5.4
2023-12-29 11:46:38,309 [WARN] PackLoader:240 - Cannot read IP mode file for STMicroelectronics.X-CUBE-NFC7.1.0.1
2023-12-29 11:46:38,318 [WARN] PackLoader:240 - Cannot read IP mode file for STMicroelectronics.X-CUBE-NFC7.1.0.0
2023-12-29 11:46:38,336 [WARN] PackLoader:240 - Cannot read IP mode file for STMicroelectronics.X-CUBE-NFC6.3.0.0
2023-12-29 11:46:38,345 [WARN] PackLoader:240 - Cannot read IP mode file for STMicroelectronics.X-CUBE-AI.8.1.0
2023-12-29 11:46:38,391 [WARN] ConditionMgr:438 - getConditionDescription Invalid condition id : LAN8742 Phy interface Condition cause : null
2023-12-29 11:46:38,393 [WARN] PackLoader:240 - Cannot read IP mode file for STMicroelectronics.X-CUBE-AZRTOS-L4.2.0.0
2023-12-29 11:46:38,396 [WARN] ConditionMgr:1039 - genDependencies : Invalid condition id : LAN8742 Phy interface Condition cause : null
2023-12-29 11:46:38,396 [WARN] ConditionMgr:1039 - genDependencies : Invalid condition id : LAN8742 Phy interface Condition cause : null
2023-12-29 11:46:38,398 [WARN] ConditionMgr:1039 - genDependencies : Invalid condition id : LAN8742 Phy interface Condition cause : null
2023-12-29 11:46:38,406 [WARN] PackLoader:240 - Cannot read IP mode file for STMicroelectronics.X-CUBE-ISPU.1.1.0
2023-12-29 11:46:38,431 [WARN] ConditionMgr:438 - getConditionDescription Invalid condition id : UX DEVICE CLASS RTOS Condition cause : null
2023-12-29 11:46:38,432 [WARN] ConditionMgr:438 - getConditionDescription Invalid condition id : UX DEVICE CLASS RTOS Condition cause : null
2023-12-29 11:46:38,437 [WARN] PackLoader:240 - Cannot read IP mode file for STMicroelectronics.X-CUBE-AZRTOS-WB.2.0.0
2023-12-29 11:46:38,439 [WARN] ConditionMgr:1039 - genDependencies : Invalid condition id : UX DEVICE CLASS RTOS Condition cause : null
2023-12-29 11:46:38,439 [WARN] ConditionMgr:1039 - genDependencies : Invalid condition id : UX DEVICE CLASS RTOS Condition cause : null
2023-12-29 11:46:38,440 [WARN] ConditionMgr:1039 - genDependencies : Invalid condition id : UX DEVICE CLASS RTOS Condition cause : null
2023-12-29 11:46:38,440 [WARN] ConditionMgr:1039 - genDependencies : Invalid condition id : UX DEVICE CLASS RTOS Condition cause : null
2023-12-29 11:46:38,440 [WARN] ConditionMgr:1039 - genDependencies : Invalid condition id : UX DEVICE CLASS RTOS Condition cause : null
2023-12-29 11:46:38,455 [WARN] PackLoader:240 - Cannot read IP mode file for STMicroelectronics.X-CUBE-BLEMGR.1.0.0
2023-12-29 11:46:38,461 [INFO] WebApp:780 - Register for checkConnection events
2023-12-29 11:46:38,461 [INFO] WebApp:414 - Apply proxy settings
2023-12-29 11:46:38,461 [INFO] WebApp:499 - Chromium requires no authentication
2023-12-29 11:46:38,478 [WARN] PackLoader:240 - Cannot read IP mode file for STMicroelectronics.X-CUBE-TOF1.3.3.1
2023-12-29 11:46:38,485 [INFO] WebApp:442 - Direct internet connection detected
2023-12-29 11:46:38,539 [WARN] PackLoader:240 - Cannot read IP mode file for STMicroelectronics.X-CUBE-AZRTOS-G4.2.0.0
2023-12-29 11:46:38,549 [WARN] PackLoader:240 - Cannot read IP mode file for STMicroelectronics.FP-ATR-ASTRA1.1.1.1
2023-12-29 11:46:38,558 [WARN] PackLoader:240 - Cannot read IP mode file for STMicroelectronics.FP-SNS-MOTENVWB1.1.3.0
2023-12-29 11:46:38,565 [WARN] PackLoader:240 - Cannot read IP mode file for STMicroelectronics.FP-SNS-MOTENVWB1.1.3.1
2023-12-29 11:46:38,572 [WARN] PackLoader:240 - Cannot read IP mode file for STMicroelectronics.X-CUBE-ISPU.2.0.0
2023-12-29 11:46:38,654 [WARN] PackLoader:240 - Cannot read IP mode file for STMicroelectronics.X-CUBE-MEMS1.10.0.0
2023-12-29 11:46:38,883 [WARN] PackLoader:240 - Cannot read IP mode file for STMicroelectronics.X-CUBE-FREERTOS.1.1.0
2023-12-29 11:46:38,905 [WARN] PackLoader:240 - Cannot read IP mode file for portGmbH.I-Cube-SoM-uGOAL.1.1.0
2023-12-29 11:46:38,915 [WARN] PackLoader:240 - Cannot read IP mode file for STMicroelectronics.X-CUBE-EEPRMA1.3.1.1
2023-12-29 11:46:38,924 [WARN] PackLoader:240 - Cannot read IP mode file for STMicroelectronics.FP-ATR-ASTRA1.2.0.0
2023-12-29 11:46:38,955 [WARN] PackLoader:240 - Cannot read IP mode file for STMicroelectronics.X-CUBE-TOF1.3.4.0
2023-12-29 11:46:39,016 [INFO] WebApp:192 - Starting web application
2023-12-29 11:46:39,018 [INFO] WebApp:544 - Web application path used C:\ST\STM32CubeIDE_1.14.0\STM32CubeIDE\plugins\com.st.stm32cube.common.mx_6.10.0.202311202037\db\plugins\mcufinder\reactClient1\index.html
2023-12-29 11:46:39,066 [WARN] PackLoader:240 - Cannot read IP mode file for STMicroelectronics.X-CUBE-AZRTOS-H7.3.2.0
2023-12-29 11:46:39,084 [INFO] ThirdParty:978 - Integrity check success = true
2023-12-29 11:46:39,085 [INFO] IntegrityCheckThread:100 - exiting critical section [integrity check]
2023-12-29 11:46:39,086 [INFO] IntegrityCheckThread:103 - End integrity checks thread
2023-12-29 11:47:00,772 [ERROR] LogOutputStream:75 - [STDERR_REDIRECT] SLF4J: Failed to load class "org.slf4j.impl.StaticLoggerBinder".
2023-12-29 11:47:00,774 [ERROR] LogOutputStream:75 - [STDERR_REDIRECT] SLF4J: Defaulting to no-operation (NOP) logger implementation
2023-12-29 11:47:00,778 [ERROR] LogOutputStream:75 - [STDERR_REDIRECT] SLF4J: See http://www.slf4j.org/codes.html#StaticLoggerBinder for further details.
2023-12-29 11:51:25,999 [ERROR] LogOutputStream:75 - [STDERR_REDIRECT] 
2023-12-29 11:51:26,001 [ERROR] LogOutputStream:75 - [STDERR_REDIRECT] 
2023-12-29 11:51:46,885 [INFO] Activator:176 - 


2023-12-29 11:51:46,890 [INFO] Activator:177 - !SESSION log4j initialized
2023-12-29 11:51:55,684 [INFO] LogOutputStream:77 - [STDOUT_REDIRECT] 
2023-12-29 11:52:01,634 [INFO] ApplicationProperties:184 - Using Application install path: C:\ST\STM32CubeIDE_1.14.0\STM32CubeIDE\plugins\com.st.stm32cube.common.mx_6.10.0.202311202037
2023-12-29 11:52:01,687 [INFO] DbMcusXml:78 - Set database path to: C:\ST\STM32CubeIDE_1.14.0\STM32CubeIDE\plugins\com.st.stm32cube.common.mx_6.10.0.202311202037\\db\/mcu/
2023-12-29 11:52:01,688 [INFO] ApiDb:274 - Set plugin database path to: C:\ST\STM32CubeIDE_1.14.0\STM32CubeIDE\plugins\com.st.stm32cube.common.mx_6.10.0.202311202037\\db\/plugins/boardmanager/
2023-12-29 11:52:01,689 [WARN] ApiDb:259 - Overriding images path with different value:  => C:\ST\STM32CubeIDE_1.14.0\STM32CubeIDE\plugins\com.st.stm32cube.common.mx_6.10.0.202311202037\\db\/plugins/mcufinder/images/
2023-12-29 11:52:01,702 [INFO] ApiDb:250 - Set database path to: C:\Users\phatl\.stmcufinder\plugins\mcufinder//mcu/
2023-12-29 11:52:01,705 [INFO] DbMcusAds:125 - Set database path to: C:\Users\phatl\.stmcufinder\plugins\mcufinder//mcu/
2023-12-29 11:52:01,709 [INFO] CrossReferenceDbSqlite:203 - Set database path to: C:\Users\phatl\.stmcufinder\plugins\mcufinder//mcu/cs/
2023-12-29 11:52:02,039 [INFO] RulesReader:64 - Compatibility file has been processed (297 Rules)
2023-12-29 11:52:02,205 [INFO] DbMcusXml:78 - Set database path to: C:\ST\STM32CubeIDE_1.14.0\STM32CubeIDE\plugins\com.st.stm32cube.common.mx_6.10.0.202311202037\\db\/mcu/
2023-12-29 11:52:02,205 [INFO] ApiDb:274 - Set plugin database path to: C:\ST\STM32CubeIDE_1.14.0\STM32CubeIDE\plugins\com.st.stm32cube.common.mx_6.10.0.202311202037\\db\/plugins/boardmanager/
2023-12-29 11:52:02,205 [INFO] ApiDb:261 - Set plugin images path to: C:\ST\STM32CubeIDE_1.14.0\STM32CubeIDE\plugins\com.st.stm32cube.common.mx_6.10.0.202311202037\\db\/plugins/mcufinder/images/
2023-12-29 11:52:02,206 [WARN] DbFile:41 - Overriding database path with different value: C:\Users\phatl\.stmcufinder\plugins\mcufinder/ => C:\Users\phatl\.stmcufinder\plugins\mcufinder
2023-12-29 11:52:02,206 [INFO] ApiDb:250 - Set database path to: C:\Users\phatl\.stmcufinder\plugins\mcufinder//mcu/
2023-12-29 11:52:02,206 [WARN] DbFile:41 - Overriding database path with different value: C:\Users\phatl\.stmcufinder\plugins\mcufinder/ => C:\Users\phatl\.stmcufinder\plugins\mcufinder
2023-12-29 11:52:02,207 [INFO] DbMcusAds:125 - Set database path to: C:\Users\phatl\.stmcufinder\plugins\mcufinder//mcu/
2023-12-29 11:52:02,207 [WARN] DbFile:41 - Overriding database path with different value: C:\Users\phatl\.stmcufinder\plugins\mcufinder/ => C:\Users\phatl\.stmcufinder\plugins\mcufinder
2023-12-29 11:52:02,207 [WARN] DbFile:41 - Overriding database path with different value: C:\Users\phatl\.stmcufinder\plugins\mcufinder/ => C:\Users\phatl\.stmcufinder\plugins\mcufinder
2023-12-29 11:52:02,207 [INFO] CrossReferenceDbSqlite:203 - Set database path to: C:\Users\phatl\.stmcufinder\plugins\mcufinder//mcu/cs/
2023-12-29 11:52:02,343 [INFO] MainPanel:264 - HeapMemory: 268435456
2023-12-29 11:52:02,518 [INFO] DbMcusXml:78 - Set database path to: C:\ST\STM32CubeIDE_1.14.0\STM32CubeIDE\plugins\com.st.stm32cube.common.mx_6.10.0.202311202037\\db\/mcu/
2023-12-29 11:52:02,518 [INFO] ApiDb:274 - Set plugin database path to: C:\ST\STM32CubeIDE_1.14.0\STM32CubeIDE\plugins\com.st.stm32cube.common.mx_6.10.0.202311202037\\db\/plugins/boardmanager/
2023-12-29 11:52:02,518 [INFO] ApiDb:261 - Set plugin images path to: C:\ST\STM32CubeIDE_1.14.0\STM32CubeIDE\plugins\com.st.stm32cube.common.mx_6.10.0.202311202037\\db\/plugins/mcufinder/images/
2023-12-29 11:52:02,519 [WARN] DbFile:41 - Overriding database path with different value: C:\Users\phatl\.stmcufinder\plugins\mcufinder/ => C:\Users\phatl\.stmcufinder\plugins\mcufinder
2023-12-29 11:52:02,519 [INFO] ApiDb:250 - Set database path to: C:\Users\phatl\.stmcufinder\plugins\mcufinder//mcu/
2023-12-29 11:52:02,520 [WARN] DbFile:41 - Overriding database path with different value: C:\Users\phatl\.stmcufinder\plugins\mcufinder/ => C:\Users\phatl\.stmcufinder\plugins\mcufinder
2023-12-29 11:52:02,520 [INFO] DbMcusAds:125 - Set database path to: C:\Users\phatl\.stmcufinder\plugins\mcufinder//mcu/
2023-12-29 11:52:02,520 [WARN] DbFile:41 - Overriding database path with different value: C:\Users\phatl\.stmcufinder\plugins\mcufinder/ => C:\Users\phatl\.stmcufinder\plugins\mcufinder
2023-12-29 11:52:02,520 [WARN] DbFile:41 - Overriding database path with different value: C:\Users\phatl\.stmcufinder\plugins\mcufinder/ => C:\Users\phatl\.stmcufinder\plugins\mcufinder
2023-12-29 11:52:02,520 [INFO] CrossReferenceDbSqlite:203 - Set database path to: C:\Users\phatl\.stmcufinder\plugins\mcufinder//mcu/cs/
2023-12-29 11:52:02,556 [INFO] ApplicationProperties:184 - Using Application install path: C:\ST\STM32CubeIDE_1.14.0\STM32CubeIDE\plugins\com.st.stm32cube.common.mx_6.10.0.202311202037
2023-12-29 11:52:02,559 [INFO] PluginManage:196 - Search for loadable plugins [exclusion list=, ]
2023-12-29 11:52:02,562 [INFO] PluginManage:310 - Check plugin analytics
2023-12-29 11:52:07,690 [INFO] AnalyticsPlugin:253 - Accepted Software Licenses: 
2023-12-29 11:52:07,691 [INFO] AnalyticsPlugin:255 - Accepted CMSIS Pack Licenses: 
2023-12-29 11:52:07,691 [INFO] AnalyticsPlugin:257 - Accepted Firmware Licenses: 
2023-12-29 11:52:07,706 [INFO] PluginManage:359 - Loaded plugin analytics (category:tool,tabindex:-1)
2023-12-29 11:52:07,707 [INFO] PluginManage:310 - Check plugin cadmodel
2023-12-29 11:52:07,729 [INFO] CADModel:105 - Init CAD model plugin
2023-12-29 11:52:07,730 [INFO] PluginManage:359 - Loaded plugin cadmodel (category:power,tabindex:5)
2023-12-29 11:52:07,730 [INFO] PluginManage:310 - Check plugin clock
2023-12-29 11:52:07,775 [INFO] PluginManage:359 - Loaded plugin clock (category:base,tabindex:2)
2023-12-29 11:52:07,775 [INFO] PluginManage:310 - Check plugin ddr
2023-12-29 11:52:07,780 [INFO] PluginManage:359 - Loaded plugin ddr (category:tool,tabindex:6)
2023-12-29 11:52:07,781 [INFO] PluginManage:310 - Check plugin filemanager
2023-12-29 11:52:08,062 [INFO] PluginManage:359 - Loaded plugin filemanager (category:base,tabindex:10)
2023-12-29 11:52:08,062 [INFO] PluginManage:310 - Check plugin ipmanager
2023-12-29 11:52:08,075 [INFO] PluginManage:359 - Loaded plugin ipmanager (category:base,tabindex:5)
2023-12-29 11:52:08,075 [INFO] PluginManage:310 - Check plugin lpbam
2023-12-29 11:52:08,089 [INFO] PluginManage:359 - Loaded plugin lpbam (category:base,tabindex:0)
2023-12-29 11:52:08,089 [INFO] PluginManage:310 - Check plugin memorymap
2023-12-29 11:52:08,106 [INFO] PluginManage:359 - Loaded plugin memorymap (category:base,tabindex:4)
2023-12-29 11:52:08,106 [INFO] PluginManage:310 - Check plugin pinoutandconfiguration
2023-12-29 11:52:08,118 [INFO] PluginManage:359 - Loaded plugin pinoutandconfiguration (category:base,tabindex:1)
2023-12-29 11:52:08,118 [INFO] PluginManage:310 - Check plugin pinoutconfig
2023-12-29 11:52:08,326 [WARN] SupportedApi:132 - Cannot load RTOS API schema: s4s-elt-must-match.1: The content of 'definitions' must match (annotation?, (simpleType | complexType)?, (unique | key | keyref)*)). A problem was found starting at: attribute.
2023-12-29 11:52:08,729 [INFO] PluginManage:359 - Loaded plugin pinoutconfig (category:base,tabindex:0)
2023-12-29 11:52:08,729 [INFO] PluginManage:310 - Check plugin power
2023-12-29 11:52:08,763 [INFO] PluginManage:359 - Loaded plugin power (category:power,tabindex:4)
2023-12-29 11:52:08,764 [INFO] PluginManage:310 - Check plugin projectmanager
2023-12-29 11:52:08,815 [INFO] PluginManage:359 - Loaded plugin projectmanager (category:projectmanager,tabindex:3)
2023-12-29 11:52:08,816 [INFO] PluginManage:310 - Check plugin thirdparty
2023-12-29 11:52:09,098 [WARN] IntegrityCheckThread:84 - waiting for thirdparty lock release [integrity check]
2023-12-29 11:52:09,099 [INFO] PluginManage:359 - Loaded plugin thirdparty (category:base,tabindex:-1)
2023-12-29 11:52:09,099 [INFO] IntegrityCheckThread:86 - entering critical section [integrity check]
2023-12-29 11:52:09,099 [INFO] PluginManage:310 - Check plugin tools
2023-12-29 11:52:09,100 [INFO] ThirdPartyUpdaterWithRetryManager:70 - Updater plugin not ready yet. [1/15]
2023-12-29 11:52:09,109 [INFO] PluginManage:359 - Loaded plugin tools (category:base,tabindex:7)
2023-12-29 11:52:09,109 [INFO] PluginManage:310 - Check plugin tutovideos
2023-12-29 11:52:09,469 [INFO] PluginManage:359 - Loaded plugin tutovideos (category:base,tabindex:-1)
2023-12-29 11:52:09,469 [INFO] PluginManage:310 - Check plugin updater
2023-12-29 11:52:09,487 [INFO] PluginManage:359 - Loaded plugin updater (category:base,tabindex:12)
2023-12-29 11:52:09,487 [INFO] PluginManage:310 - Check plugin userauth
2023-12-29 11:52:09,496 [INFO] UserAuth:114 - Init User Auth plugin
2023-12-29 11:52:09,497 [INFO] PluginManage:359 - Loaded plugin userauth (category:base,tabindex:14)
2023-12-29 11:52:09,497 [INFO] PluginManage:283 - PluginManage : Loaded plugins [17]
2023-12-29 11:52:09,902 [INFO] PinOutPanel:1499 - setPackage(No Configuration,No Configuration)
2023-12-29 11:52:10,065 [INFO] CADModel:165 - CPN selected for project level
2023-12-29 11:52:10,066 [INFO] CADModel:114 - Register for checkConnection events
2023-12-29 11:52:10,100 [INFO] IPUIPlugin:80 - create IPUIPlugin
2023-12-29 11:52:10,100 [INFO] PluginManager:220 - loadIPPluginJar : add adc
2023-12-29 11:52:10,105 [INFO] IPUIPlugin:80 - create IPUIPlugin
2023-12-29 11:52:10,105 [INFO] PluginManager:220 - loadIPPluginJar : add aes
2023-12-29 11:52:10,108 [INFO] IPUIPlugin:80 - create IPUIPlugin
2023-12-29 11:52:10,108 [INFO] PluginManager:220 - loadIPPluginJar : add can
2023-12-29 11:52:10,110 [INFO] IPUIPlugin:80 - create IPUIPlugin
2023-12-29 11:52:10,110 [INFO] PluginManager:220 - loadIPPluginJar : add comp
2023-12-29 11:52:10,113 [INFO] IPUIPlugin:80 - create IPUIPlugin
2023-12-29 11:52:10,113 [INFO] PluginManager:220 - loadIPPluginJar : add cryp
2023-12-29 11:52:10,116 [INFO] IPUIPlugin:80 - create IPUIPlugin
2023-12-29 11:52:10,116 [INFO] PluginManager:220 - loadIPPluginJar : add dfsdm
2023-12-29 11:52:10,124 [INFO] IPUIPlugin:80 - create IPUIPlugin
2023-12-29 11:52:10,124 [INFO] PluginManager:220 - loadIPPluginJar : add dma
2023-12-29 11:52:10,127 [INFO] IPUIPlugin:80 - create IPUIPlugin
2023-12-29 11:52:10,127 [INFO] PluginManager:220 - loadIPPluginJar : add dma3
2023-12-29 11:52:10,128 [INFO] IPUIPlugin:80 - create IPUIPlugin
2023-12-29 11:52:10,128 [INFO] PluginManager:220 - loadIPPluginJar : add fatfs
2023-12-29 11:52:10,133 [INFO] IPUIPlugin:80 - create IPUIPlugin
2023-12-29 11:52:10,133 [INFO] PluginManager:220 - loadIPPluginJar : add fmc
2023-12-29 11:52:10,140 [INFO] IPUIPlugin:80 - create IPUIPlugin
2023-12-29 11:52:10,140 [INFO] PluginManager:220 - loadIPPluginJar : add freertos
2023-12-29 11:52:10,142 [INFO] IPUIPlugin:80 - create IPUIPlugin
2023-12-29 11:52:10,142 [INFO] PluginManager:220 - loadIPPluginJar : add genericplugin
2023-12-29 11:52:10,145 [INFO] IPUIPlugin:80 - create IPUIPlugin
2023-12-29 11:52:10,145 [INFO] PluginManager:220 - loadIPPluginJar : add gfxmmu
2023-12-29 11:52:10,151 [INFO] IPUIPlugin:80 - create IPUIPlugin
2023-12-29 11:52:10,151 [INFO] PluginManager:220 - loadIPPluginJar : add gic
2023-12-29 11:52:10,156 [INFO] IPUIPlugin:80 - create IPUIPlugin
2023-12-29 11:52:10,157 [INFO] PluginManager:220 - loadIPPluginJar : add gpio
2023-12-29 11:52:10,160 [INFO] IPUIPlugin:80 - create IPUIPlugin
2023-12-29 11:52:10,161 [INFO] PluginManager:220 - loadIPPluginJar : add gtzc
2023-12-29 11:52:10,181 [INFO] IPUIPlugin:80 - create IPUIPlugin
2023-12-29 11:52:10,181 [INFO] PluginManager:220 - loadIPPluginJar : add hash
2023-12-29 11:52:10,185 [INFO] IPUIPlugin:80 - create IPUIPlugin
2023-12-29 11:52:10,186 [INFO] PluginManager:220 - loadIPPluginJar : add i2c
2023-12-29 11:52:10,189 [INFO] IPUIPlugin:80 - create IPUIPlugin
2023-12-29 11:52:10,189 [INFO] PluginManager:220 - loadIPPluginJar : add i2s
2023-12-29 11:52:10,192 [INFO] IPUIPlugin:80 - create IPUIPlugin
2023-12-29 11:52:10,193 [INFO] PluginManager:220 - loadIPPluginJar : add i3c
2023-12-29 11:52:10,197 [INFO] IPUIPlugin:80 - create IPUIPlugin
2023-12-29 11:52:10,197 [INFO] PluginManager:220 - loadIPPluginJar : add ipddr
2023-12-29 11:52:10,207 [INFO] IPUIPlugin:80 - create IPUIPlugin
2023-12-29 11:52:10,207 [INFO] PluginManager:220 - loadIPPluginJar : add linkedlist
2023-12-29 11:52:10,221 [INFO] IPUIPlugin:80 - create IPUIPlugin
2023-12-29 11:52:10,222 [INFO] PluginManager:220 - loadIPPluginJar : add lorawan
2023-12-29 11:52:10,225 [INFO] IPUIPlugin:80 - create IPUIPlugin
2023-12-29 11:52:10,226 [INFO] PluginManager:220 - loadIPPluginJar : add ltdc
2023-12-29 11:52:10,232 [INFO] IPUIPlugin:80 - create IPUIPlugin
2023-12-29 11:52:10,233 [INFO] PluginManager:220 - loadIPPluginJar : add mdma
2023-12-29 11:52:10,240 [INFO] IPUIPlugin:80 - create IPUIPlugin
2023-12-29 11:52:10,241 [INFO] PluginManager:220 - loadIPPluginJar : add nvic
2023-12-29 11:52:10,245 [INFO] IPUIPlugin:80 - create IPUIPlugin
2023-12-29 11:52:10,245 [INFO] PluginManager:220 - loadIPPluginJar : add opamp
2023-12-29 11:52:10,249 [INFO] IPUIPlugin:80 - create IPUIPlugin
2023-12-29 11:52:10,249 [INFO] PluginManager:220 - loadIPPluginJar : add openamp
2023-12-29 11:52:10,254 [INFO] IPUIPlugin:80 - create IPUIPlugin
2023-12-29 11:52:10,254 [INFO] PluginManager:220 - loadIPPluginJar : add pdm2pcm
2023-12-29 11:52:10,277 [INFO] IPUIPlugin:80 - create IPUIPlugin
2023-12-29 11:52:10,288 [INFO] PluginManager:220 - loadIPPluginJar : add plateformsettings
2023-12-29 11:52:10,295 [INFO] IPUIPlugin:80 - create IPUIPlugin
2023-12-29 11:52:10,295 [INFO] PluginManager:220 - loadIPPluginJar : add quadspi
2023-12-29 11:52:10,304 [INFO] IPUIPlugin:80 - create IPUIPlugin
2023-12-29 11:52:10,304 [INFO] PluginManager:220 - loadIPPluginJar : add resmgrutility
2023-12-29 11:52:10,310 [INFO] IPUIPlugin:80 - create IPUIPlugin
2023-12-29 11:52:10,310 [INFO] PluginManager:220 - loadIPPluginJar : add sai
2023-12-29 11:52:10,314 [INFO] IPUIPlugin:80 - create IPUIPlugin
2023-12-29 11:52:10,314 [INFO] PluginManager:220 - loadIPPluginJar : add spi
2023-12-29 11:52:10,324 [INFO] IPUIPlugin:80 - create IPUIPlugin
2023-12-29 11:52:10,324 [INFO] PluginManager:220 - loadIPPluginJar : add stm32_wpan
2023-12-29 11:52:10,327 [INFO] IPUIPlugin:80 - create IPUIPlugin
2023-12-29 11:52:10,328 [INFO] PluginManager:220 - loadIPPluginJar : add tim
2023-12-29 11:52:10,337 [INFO] IPUIPlugin:80 - create IPUIPlugin
2023-12-29 11:52:10,337 [INFO] PluginManager:220 - loadIPPluginJar : add touchsensing
2023-12-29 11:52:10,341 [INFO] IPUIPlugin:80 - create IPUIPlugin
2023-12-29 11:52:10,342 [INFO] PluginManager:220 - loadIPPluginJar : add tracer_emb
2023-12-29 11:52:10,345 [INFO] IPUIPlugin:80 - create IPUIPlugin
2023-12-29 11:52:10,345 [INFO] PluginManager:220 - loadIPPluginJar : add ts
2023-12-29 11:52:10,347 [INFO] IPUIPlugin:80 - create IPUIPlugin
2023-12-29 11:52:10,347 [INFO] PluginManager:220 - loadIPPluginJar : add tsc
2023-12-29 11:52:10,350 [INFO] IPUIPlugin:80 - create IPUIPlugin
2023-12-29 11:52:10,350 [INFO] PluginManager:220 - loadIPPluginJar : add ucpd
2023-12-29 11:52:10,355 [INFO] IPUIPlugin:80 - create IPUIPlugin
2023-12-29 11:52:10,355 [INFO] PluginManager:220 - loadIPPluginJar : add usart
2023-12-29 11:52:10,359 [INFO] IPUIPlugin:80 - create IPUIPlugin
2023-12-29 11:52:10,359 [INFO] PluginManager:220 - loadIPPluginJar : add usbx
2023-12-29 11:52:10,542 [INFO] CADModel:165 - CPN selected for project level
2023-12-29 11:52:10,543 [INFO] CADModel:114 - Register for checkConnection events
2023-12-29 11:52:10,544 [FATAL] Updater:308 - Updater called before beeing initialized
2023-12-29 11:52:10,544 [ERROR] CADModel:125 - Updater not yet initialized, retry later 
2023-12-29 11:52:10,815 [INFO] CADModel:165 - CPN selected for project level
2023-12-29 11:52:10,815 [INFO] CADModel:114 - Register for checkConnection events
2023-12-29 11:52:10,815 [FATAL] Updater:308 - Updater called before beeing initialized
2023-12-29 11:52:10,815 [ERROR] CADModel:125 - Updater not yet initialized, retry later 
2023-12-29 11:52:10,819 [FATAL] Updater:308 - Updater called before beeing initialized
2023-12-29 11:52:11,042 [FATAL] Updater:308 - Updater called before beeing initialized
2023-12-29 11:52:11,050 [INFO] DbMcusAds:53 - JSON generation date=Wed Nov 29 17:52:38 ICT 2023 (1701255158764)
2023-12-29 11:52:11,050 [FATAL] Updater:308 - Updater called before beeing initialized
2023-12-29 11:52:11,108 [WARN] DetailPanel:346 - Failed to get advertising image, set to default
2023-12-29 11:52:11,248 [FATAL] Updater:308 - Updater called before beeing initialized
2023-12-29 11:52:11,251 [FATAL] Updater:308 - Updater called before beeing initialized
2023-12-29 11:52:11,251 [FATAL] Updater:308 - Updater called before beeing initialized
2023-12-29 11:52:11,251 [WARN] DetailPanel:346 - Failed to get advertising image, set to default
2023-12-29 11:52:11,252 [FATAL] Updater:308 - Updater called before beeing initialized
2023-12-29 11:52:11,356 [ERROR] Updater:1120 - MainUpdater not yet initialized. External WinMGr cannot be set.
2023-12-29 11:52:11,359 [INFO] Updater:1056 - Updater Version found : 6.10.0
2023-12-29 11:52:11,389 [INFO] ApplicationProperties:184 - Using Application install path: C:\ST\STM32CubeIDE_1.14.0\STM32CubeIDE\plugins\com.st.stm32cube.common.mx_6.10.0.202311202037
2023-12-29 11:52:12,102 [INFO] ThirdPartyUpdaterWithRetryManager:70 - Updater plugin not ready yet. [2/15]
2023-12-29 11:52:13,000 [ERROR] LogOutputStream:75 - [STDERR_REDIRECT] Dec 29, 2023 11:52:12 AM java.util.prefs.WindowsPreferences <init>
2023-12-29 11:52:13,003 [ERROR] LogOutputStream:75 - [STDERR_REDIRECT] WARNING: Could not open/create prefs root node Software\JavaSoft\Prefs at root 0xffffffff80000002. Windows RegCreateKeyEx(...) returned error code 5.
2023-12-29 11:52:13,003 [ERROR] LogOutputStream:75 - [STDERR_REDIRECT] 
2023-12-29 11:52:13,534 [INFO] MainUpdater:2873 - connection check result : 10
2023-12-29 11:52:13,536 [INFO] MainUpdater:290 - Updater Check For Update Now.
2023-12-29 11:52:13,536 [INFO] MicroXplorer:498 - Change Database Version : DB.6.0.100
2023-12-29 11:52:13,553 [INFO] McuFinderGlobals:63 - Set McuFinder mode to 2 (CubeIDE integrated)
2023-12-29 11:52:13,553 [INFO] UserAuth:180 - activating auth plugin
2023-12-29 11:52:13,558 [INFO] UserAuth:404 - Internet connection configuration mode: 1
2023-12-29 11:52:13,609 [INFO] JxBrowserEngine:152 - Initiate JxBrowser Engine with user profile folder
2023-12-29 11:52:13,807 [INFO] CheckServerUpdateThread:120 - End of CheckServer Thread
2023-12-29 11:52:14,714 [INFO] WebApp:161 - Instantiating new browser for Auth
2023-12-29 11:52:15,440 [WARN] PackLoader:240 - Cannot read IP mode file for STMicroelectronics.X-CUBE-SMBUS.2.1.0
2023-12-29 11:52:15,456 [WARN] PackLoader:240 - Cannot read IP mode file for STMicroelectronics.X-CUBE-TOUCHGFX.4.23.0
2023-12-29 11:52:15,546 [WARN] PackLoader:240 - Cannot read IP mode file for STMicroelectronics.X-CUBE-AZRTOS-F7.1.1.0
2023-12-29 11:52:15,575 [WARN] PackLoader:240 - Cannot read IP mode file for STMicroelectronics.FP-SNS-MOTENV1.4.3.2
2023-12-29 11:52:15,602 [WARN] PackLoader:240 - Cannot read IP mode file for STMicroelectronics.X-CUBE-BLE1.6.2.3
2023-12-29 11:52:15,616 [WARN] PackLoader:240 - Cannot read IP mode file for STMicroelectronics.FP-SNS-FLIGHT1.5.0.2
2023-12-29 11:52:15,653 [WARN] PackLoader:240 - Cannot read IP mode file for STMicroelectronics.X-CUBE-TOF1.3.1.0
2023-12-29 11:52:15,730 [WARN] PackLoader:240 - Cannot read IP mode file for STMicroelectronics.X-CUBE-DISPLAY.3.0.0
2023-12-29 11:52:15,757 [WARN] PackLoader:240 - Cannot read IP mode file for STMicroelectronics.X-CUBE-BLE1.7.0.0
2023-12-29 11:52:15,774 [WARN] PackLoader:240 - Cannot read IP mode file for emotas.I-CUBE-CANOPEN.1.3.0
2023-12-29 11:52:15,784 [WARN] PackLoader:240 - Cannot read IP mode file for STMicroelectronics.X-CUBE-TOUCHGFX.4.22.1
2023-12-29 11:52:15,950 [WARN] PackLoader:240 - Cannot read IP mode file for STMicroelectronics.X-CUBE-MEMS1.9.3.0
2023-12-29 11:52:16,257 [INFO] WebApp:780 - Register for checkConnection events
2023-12-29 11:52:16,257 [INFO] WebApp:414 - Apply proxy settings
2023-12-29 11:52:16,257 [INFO] WebApp:499 - Chromium requires no authentication
2023-12-29 11:52:16,279 [INFO] WebApp:442 - Direct internet connection detected
2023-12-29 11:52:16,304 [WARN] PackLoader:240 - Cannot read IP mode file for STMicroelectronics.X-CUBE-AI.7.2.0
2023-12-29 11:52:16,311 [WARN] PackLoader:240 - Cannot read IP mode file for STMicroelectronics.FP-SNS-SMARTAG2.1.2.0
2023-12-29 11:52:16,342 [INFO] LogOutputStream:77 - [STDOUT_REDIRECT] 1 : Invalid condition id : UX_CORESTACK_Condition cause : null
2023-12-29 11:52:16,344 [INFO] LogOutputStream:77 - [STDOUT_REDIRECT] 1 : Invalid condition id : UX_CORESTACK_Condition cause : null
2023-12-29 11:52:16,347 [INFO] LogOutputStream:77 - [STDOUT_REDIRECT] 1 : Invalid condition id : UX_CORESTACK_Condition cause : null
2023-12-29 11:52:16,351 [INFO] LogOutputStream:77 - [STDOUT_REDIRECT] 1 : Invalid condition id : UX_CORESTACK_Condition cause : null
2023-12-29 11:52:16,354 [INFO] LogOutputStream:77 - [STDOUT_REDIRECT] 1 : Invalid condition id : UX_CORESTACK_Condition cause : null
2023-12-29 11:52:16,359 [WARN] PackLoader:240 - Cannot read IP mode file for STMicroelectronics.X-CUBE-AZRTOS-WL.2.0.0
2023-12-29 11:52:16,376 [WARN] PackLoader:240 - Cannot read IP mode file for WES.I-CUBE-Cesium.1.3.0
2023-12-29 11:52:16,385 [WARN] PackLoader:240 - Cannot read IP mode file for STMicroelectronics.X-CUBE-DISPLAY.2.2.0
2023-12-29 11:52:16,406 [WARN] PackLoader:240 - Cannot read IP mode file for STMicroelectronics.X-CUBE-ISPU.1.0.0
2023-12-29 11:52:16,447 [WARN] PackLoader:240 - Cannot read IP mode file for STMicroelectronics.X-CUBE-AZRTOS-H7.2.1.0
2023-12-29 11:52:16,474 [WARN] PackLoader:240 - Cannot read IP mode file for STMicroelectronics.X-CUBE-AZRTOS-G0.1.1.0
2023-12-29 11:52:16,486 [WARN] PackLoader:240 - Cannot read IP mode file for STMicroelectronics.X-CUBE-NFC4.3.0.0
2023-12-29 11:52:16,501 [WARN] PackLoader:240 - Cannot read IP mode file for STMicroelectronics.X-CUBE-BLEMGR.3.0.0
2023-12-29 11:52:16,510 [WARN] PackLoader:240 - Cannot read IP mode file for STMicroelectronics.FP-ATR-SIGFOX1.3.2.0
2023-12-29 11:52:16,519 [WARN] PackLoader:240 - Cannot read IP mode file for STMicroelectronics.X-CUBE-TOUCHGFX.4.20.0
2023-12-29 11:52:16,589 [WARN] PackLoader:240 - Cannot read IP mode file for SEGGER.I-CUBE-embOS.1.3.1
2023-12-29 11:52:16,688 [WARN] PackLoader:240 - Cannot read IP mode file for STMicroelectronics.X-CUBE-AZRTOS-L5.2.0.0
2023-12-29 11:52:16,703 [WARN] PackLoader:240 - Cannot read IP mode file for STMicroelectronics.X-CUBE-EEPRMA1.4.2.0
2023-12-29 11:52:16,715 [WARN] PackLoader:240 - Cannot read IP mode file for ITTIA_DB.I-CUBE-ITTIADB.8.8.0
2023-12-29 11:52:16,724 [WARN] PackLoader:240 - Cannot read IP mode file for STMicroelectronics.X-CUBE-NFC4.2.0.4
2023-12-29 11:52:16,747 [INFO] WebApp:192 - Starting web application
2023-12-29 11:52:16,747 [INFO] WebApp:544 - Web application path used C:\ST\STM32CubeIDE_1.14.0\STM32CubeIDE\plugins\com.st.stm32cube.common.mx_6.10.0.202311202037\db\plugins\mcufinder\reactClient1\index.html
2023-12-29 11:52:16,763 [WARN] ConditionMgr:438 - getConditionDescription Invalid condition id : UX DEVICE CLASS RTOS Condition cause : null
2023-12-29 11:52:16,764 [WARN] ConditionMgr:438 - getConditionDescription Invalid condition id : UX DEVICE CLASS RTOS Condition cause : null
2023-12-29 11:52:16,788 [WARN] PackLoader:240 - Cannot read IP mode file for STMicroelectronics.X-CUBE-AZRTOS-H7.3.1.0
2023-12-29 11:52:16,792 [WARN] ConditionMgr:1039 - genDependencies : Invalid condition id : UX DEVICE CLASS RTOS Condition cause : null
2023-12-29 11:52:16,792 [WARN] ConditionMgr:1039 - genDependencies : Invalid condition id : UX DEVICE CLASS RTOS Condition cause : null
2023-12-29 11:52:16,794 [WARN] ConditionMgr:1039 - genDependencies : Invalid condition id : UX DEVICE CLASS RTOS Condition cause : null
2023-12-29 11:52:16,796 [WARN] ConditionMgr:1039 - genDependencies : Invalid condition id : UX DEVICE CLASS RTOS Condition cause : null
2023-12-29 11:52:16,796 [WARN] ConditionMgr:1039 - genDependencies : Invalid condition id : UX DEVICE CLASS RTOS Condition cause : null
2023-12-29 11:52:16,814 [WARN] PackLoader:240 - Cannot read IP mode file for wolfSSL.I-CUBE-wolfSSL.5.5.4
2023-12-29 11:52:16,832 [WARN] PackLoader:240 - Cannot read IP mode file for STMicroelectronics.X-CUBE-NFC7.1.0.1
2023-12-29 11:52:16,848 [WARN] PackLoader:240 - Cannot read IP mode file for STMicroelectronics.X-CUBE-NFC7.1.0.0
2023-12-29 11:52:16,875 [WARN] PackLoader:240 - Cannot read IP mode file for STMicroelectronics.X-CUBE-NFC6.3.0.0
2023-12-29 11:52:16,889 [WARN] PackLoader:240 - Cannot read IP mode file for STMicroelectronics.X-CUBE-AI.8.1.0
2023-12-29 11:52:16,953 [WARN] ConditionMgr:438 - getConditionDescription Invalid condition id : LAN8742 Phy interface Condition cause : null
2023-12-29 11:52:16,955 [WARN] PackLoader:240 - Cannot read IP mode file for STMicroelectronics.X-CUBE-AZRTOS-L4.2.0.0
2023-12-29 11:52:16,959 [WARN] ConditionMgr:1039 - genDependencies : Invalid condition id : LAN8742 Phy interface Condition cause : null
2023-12-29 11:52:16,960 [WARN] ConditionMgr:1039 - genDependencies : Invalid condition id : LAN8742 Phy interface Condition cause : null
2023-12-29 11:52:16,961 [WARN] ConditionMgr:1039 - genDependencies : Invalid condition id : LAN8742 Phy interface Condition cause : null
2023-12-29 11:52:16,973 [WARN] PackLoader:240 - Cannot read IP mode file for STMicroelectronics.X-CUBE-ISPU.1.1.0
2023-12-29 11:52:17,006 [WARN] ConditionMgr:438 - getConditionDescription Invalid condition id : UX DEVICE CLASS RTOS Condition cause : null
2023-12-29 11:52:17,006 [WARN] ConditionMgr:438 - getConditionDescription Invalid condition id : UX DEVICE CLASS RTOS Condition cause : null
2023-12-29 11:52:17,012 [WARN] PackLoader:240 - Cannot read IP mode file for STMicroelectronics.X-CUBE-AZRTOS-WB.2.0.0
2023-12-29 11:52:17,014 [WARN] ConditionMgr:1039 - genDependencies : Invalid condition id : UX DEVICE CLASS RTOS Condition cause : null
2023-12-29 11:52:17,014 [WARN] ConditionMgr:1039 - genDependencies : Invalid condition id : UX DEVICE CLASS RTOS Condition cause : null
2023-12-29 11:52:17,016 [WARN] ConditionMgr:1039 - genDependencies : Invalid condition id : UX DEVICE CLASS RTOS Condition cause : null
2023-12-29 11:52:17,017 [WARN] ConditionMgr:1039 - genDependencies : Invalid condition id : UX DEVICE CLASS RTOS Condition cause : null
2023-12-29 11:52:17,018 [WARN] ConditionMgr:1039 - genDependencies : Invalid condition id : UX DEVICE CLASS RTOS Condition cause : null
2023-12-29 11:52:17,073 [WARN] PackLoader:240 - Cannot read IP mode file for STMicroelectronics.X-CUBE-BLEMGR.1.0.0
2023-12-29 11:52:17,109 [WARN] PackLoader:240 - Cannot read IP mode file for STMicroelectronics.X-CUBE-TOF1.3.3.1
2023-12-29 11:52:17,168 [WARN] PackLoader:240 - Cannot read IP mode file for STMicroelectronics.X-CUBE-AZRTOS-G4.2.0.0
2023-12-29 11:52:17,184 [WARN] PackLoader:240 - Cannot read IP mode file for STMicroelectronics.FP-ATR-ASTRA1.1.1.1
2023-12-29 11:52:17,194 [WARN] PackLoader:240 - Cannot read IP mode file for STMicroelectronics.FP-SNS-MOTENVWB1.1.3.0
2023-12-29 11:52:17,206 [WARN] PackLoader:240 - Cannot read IP mode file for STMicroelectronics.FP-SNS-MOTENVWB1.1.3.1
2023-12-29 11:52:17,215 [WARN] PackLoader:240 - Cannot read IP mode file for STMicroelectronics.X-CUBE-ISPU.2.0.0
2023-12-29 11:52:17,360 [WARN] PackLoader:240 - Cannot read IP mode file for STMicroelectronics.X-CUBE-MEMS1.10.0.0
2023-12-29 11:52:17,691 [WARN] PackLoader:240 - Cannot read IP mode file for STMicroelectronics.X-CUBE-FREERTOS.1.1.0
2023-12-29 11:52:17,700 [WARN] PackLoader:240 - Cannot read IP mode file for portGmbH.I-Cube-SoM-uGOAL.1.1.0
2023-12-29 11:52:17,708 [WARN] PackLoader:240 - Cannot read IP mode file for STMicroelectronics.X-CUBE-EEPRMA1.3.1.1
2023-12-29 11:52:17,713 [WARN] PackLoader:240 - Cannot read IP mode file for STMicroelectronics.FP-ATR-ASTRA1.2.0.0
2023-12-29 11:52:17,727 [WARN] PackLoader:240 - Cannot read IP mode file for STMicroelectronics.X-CUBE-TOF1.3.4.0
2023-12-29 11:52:17,769 [WARN] PackLoader:240 - Cannot read IP mode file for STMicroelectronics.X-CUBE-AZRTOS-H7.3.2.0
2023-12-29 11:52:17,774 [INFO] ThirdParty:978 - Integrity check success = true
2023-12-29 11:52:17,774 [INFO] IntegrityCheckThread:100 - exiting critical section [integrity check]
2023-12-29 11:52:17,774 [INFO] IntegrityCheckThread:103 - End integrity checks thread
2023-12-29 11:52:38,510 [ERROR] LogOutputStream:75 - [STDERR_REDIRECT] SLF4J: Failed to load class "org.slf4j.impl.StaticLoggerBinder".
2023-12-29 11:52:38,512 [ERROR] LogOutputStream:75 - [STDERR_REDIRECT] SLF4J: Defaulting to no-operation (NOP) logger implementation
2023-12-29 11:52:38,514 [ERROR] LogOutputStream:75 - [STDERR_REDIRECT] SLF4J: See http://www.slf4j.org/codes.html#StaticLoggerBinder for further details.
2023-12-29 13:52:22,380 [ERROR] LogOutputStream:75 - [STDERR_REDIRECT] 
